
============= MEMWATCH 2.71 Copyright (C) 1992-1999 Johan Lindh =============

Started at Thu May 16 18:32:26 2019

Modes: __STDC__ 64-bit mwDWORD==(unsigned long)
mwROUNDALLOC==8 sizeof(mwData)==32 mwDataSize==32


Stopped at Thu May 16 21:15:59 2019


Memory usage statistics (global):
 N)umber of allocations made: 49489
 L)argest memory usage      : 59673781
 T)otal of all alloc() calls: 783704271
 U)nfreed bytes totals      : 0

============= MEMWATCH 2.71 Copyright (C) 1992-1999 Johan Lindh =============

Started at Thu May 16 21:16:05 2019

Modes: __STDC__ 64-bit mwDWORD==(unsigned long)
mwROUNDALLOC==8 sizeof(mwData)==32 mwDataSize==32


Stopped at Thu May 16 21:43:25 2019


Memory usage statistics (global):
 N)umber of allocations made: 7344
 L)argest memory usage      : 59676489
 T)otal of all alloc() calls: 130906445
 U)nfreed bytes totals      : 0

============= MEMWATCH 2.71 Copyright (C) 1992-1999 Johan Lindh =============

Started at Thu May 16 21:43:31 2019

Modes: __STDC__ 64-bit mwDWORD==(unsigned long)
mwROUNDALLOC==8 sizeof(mwData)==32 mwDataSize==32


Stopped at Thu May 16 22:48:06 2019


Memory usage statistics (global):
 N)umber of allocations made: 63358
 L)argest memory usage      : 49687655
 T)otal of all alloc() calls: 1387718342
 U)nfreed bytes totals      : 0

============= MEMWATCH 2.71 Copyright (C) 1992-1999 Johan Lindh =============

Started at Thu May 16 22:48:12 2019

Modes: __STDC__ 64-bit mwDWORD==(unsigned long)
mwROUNDALLOC==8 sizeof(mwData)==32 mwDataSize==32


Stopped at Thu May 16 22:48:32 2019


Memory usage statistics (global):
 N)umber of allocations made: 1051
 L)argest memory usage      : 29350523
 T)otal of all alloc() calls: 30320784
 U)nfreed bytes totals      : 0

============= MEMWATCH 2.71 Copyright (C) 1992-1999 Johan Lindh =============

Started at Thu May 16 22:48:33 2019

Modes: __STDC__ 64-bit mwDWORD==(unsigned long)
mwROUNDALLOC==8 sizeof(mwData)==32 mwDataSize==32


Stopped at Thu May 16 22:56:44 2019


Memory usage statistics (global):
 N)umber of allocations made: 4919
 L)argest memory usage      : 29585407
 T)otal of all alloc() calls: 31321752
 U)nfreed bytes totals      : 0

============= MEMWATCH 2.71 Copyright (C) 1992-1999 Johan Lindh =============

Started at Fri May 17 20:16:57 2019

Modes: __STDC__ 64-bit mwDWORD==(unsigned long)
mwROUNDALLOC==8 sizeof(mwData)==32 mwDataSize==32


Stopped at Fri May 17 20:17:22 2019


Memory usage statistics (global):
 N)umber of allocations made: 1051
 L)argest memory usage      : 29350523
 T)otal of all alloc() calls: 30320784
 U)nfreed bytes totals      : 0

============= MEMWATCH 2.71 Copyright (C) 1992-1999 Johan Lindh =============

Started at Fri May 17 21:00:21 2019

Modes: __STDC__ 64-bit mwDWORD==(unsigned long)
mwROUNDALLOC==8 sizeof(mwData)==32 mwDataSize==32


Stopped at Fri May 17 21:00:30 2019


Memory usage statistics (global):
 N)umber of allocations made: 1053
 L)argest memory usage      : 29350691
 T)otal of all alloc() calls: 30320952
 U)nfreed bytes totals      : 0

============= MEMWATCH 2.71 Copyright (C) 1992-1999 Johan Lindh =============

Started at Fri May 17 21:00:21 2019

Modes: __STDC__ 64-bit mwDWORD==(unsigned long)
mwROUNDALLOC==8 sizeof(mwData)==32 mwDataSize==32


Stopped at Fri May 17 21:00:31 2019


Memory usage statistics (global):
 N)umber of allocations made: 1053
 L)argest memory usage      : 29350691
 T)otal of all alloc() calls: 30320952
 U)nfreed bytes totals      : 0

============= MEMWATCH 2.71 Copyright (C) 1992-1999 Johan Lindh =============

Started at Fri May 17 20:17:23 2019

Modes: __STDC__ 64-bit mwDWORD==(unsigned long)
mwROUNDALLOC==8 sizeof(mwData)==32 mwDataSize==32


Stopped at Fri May 17 21:02:07 2019


Memory usage statistics (global):
 N)umber of allocations made: 11055
 L)argest memory usage      : 49687739
 T)otal of all alloc() calls: 112905064
 U)nfreed bytes totals      : 0

============= MEMWATCH 2.71 Copyright (C) 1992-1999 Johan Lindh =============

Started at Fri May 17 21:02:22 2019

Modes: __STDC__ 64-bit mwDWORD==(unsigned long)
mwROUNDALLOC==8 sizeof(mwData)==32 mwDataSize==32


Stopped at Fri May 17 21:13:48 2019


Memory usage statistics (global):
 N)umber of allocations made: 3010
 L)argest memory usage      : 29585483
 T)otal of all alloc() calls: 30871498
 U)nfreed bytes totals      : 0

============= MEMWATCH 2.71 Copyright (C) 1992-1999 Johan Lindh =============

Started at Fri May 17 21:13:54 2019

Modes: __STDC__ 64-bit mwDWORD==(unsigned long)
mwROUNDALLOC==8 sizeof(mwData)==32 mwDataSize==32


Stopped at Fri May 17 21:45:47 2019


Memory usage statistics (global):
 N)umber of allocations made: 27743
 L)argest memory usage      : 59680185
 T)otal of all alloc() calls: 356012454
 U)nfreed bytes totals      : 0

============= MEMWATCH 2.71 Copyright (C) 1992-1999 Johan Lindh =============

Started at Fri May 17 21:50:14 2019

Modes: __STDC__ 64-bit mwDWORD==(unsigned long)
mwROUNDALLOC==8 sizeof(mwData)==32 mwDataSize==32


Stopped at Fri May 17 21:55:29 2019


Memory usage statistics (global):
 N)umber of allocations made: 4279
 L)argest memory usage      : 29586843
 T)otal of all alloc() calls: 31112067
 U)nfreed bytes totals      : 0

============= MEMWATCH 2.71 Copyright (C) 1992-1999 Johan Lindh =============

Started at Fri May 17 21:55:32 2019

Modes: __STDC__ 64-bit mwDWORD==(unsigned long)
mwROUNDALLOC==8 sizeof(mwData)==32 mwDataSize==32


Stopped at Fri May 17 22:01:30 2019


Memory usage statistics (global):
 N)umber of allocations made: 4287
 L)argest memory usage      : 29586759
 T)otal of all alloc() calls: 31112939
 U)nfreed bytes totals      : 0

============= MEMWATCH 2.71 Copyright (C) 1992-1999 Johan Lindh =============

Started at Fri May 17 22:01:40 2019

Modes: __STDC__ 64-bit mwDWORD==(unsigned long)
mwROUNDALLOC==8 sizeof(mwData)==32 mwDataSize==32


Stopped at Fri May 17 22:22:23 2019


Memory usage statistics (global):
 N)umber of allocations made: 4449
 L)argest memory usage      : 49695319
 T)otal of all alloc() calls: 51138753
 U)nfreed bytes totals      : 0

============= MEMWATCH 2.71 Copyright (C) 1992-1999 Johan Lindh =============

Started at Fri May 17 22:22:27 2019

Modes: __STDC__ 64-bit mwDWORD==(unsigned long)
mwROUNDALLOC==8 sizeof(mwData)==32 mwDataSize==32


Stopped at Fri May 17 22:50:44 2019


Memory usage statistics (global):
 N)umber of allocations made: 16375
 L)argest memory usage      : 59703201
 T)otal of all alloc() calls: 192320705
 U)nfreed bytes totals      : 0

============= MEMWATCH 2.71 Copyright (C) 1992-1999 Johan Lindh =============

Started at Sat May 18 10:54:03 2019

Modes: __STDC__ 64-bit mwDWORD==(unsigned long)
mwROUNDALLOC==8 sizeof(mwData)==32 mwDataSize==32


Stopped at Sat May 18 13:51:47 2019


Memory usage statistics (global):
 N)umber of allocations made: 42613
 L)argest memory usage      : 49741951
 T)otal of all alloc() calls: 437795787
 U)nfreed bytes totals      : 0
